{"meta": {"format": 3, "version": "7.15.1", "timestamp": "2026-07-14T17:44:08.692601", "branch_coverage": false, "show_contexts": false}, "files": {"fastapi_grpc_gateway/__init__.py": {"executed_lines": [3, 5], "summary": {"covered_lines": 2, "num_statements": 2, "percent_covered": 100.0, "percent_covered_display": "100", "missing_lines": 0, "excluded_lines": 0, "percent_statements_covered": 100.0, "percent_statements_covered_display": "100"}, "missing_lines": [], "excluded_lines": [], "functions": {"": {"executed_lines": [3, 5], "summary": {"covered_lines": 2, "num_statements": 2, "percent_covered": 100.0, "percent_covered_display": "100", "missing_lines": 0, "excluded_lines": 0, "percent_statements_covered": 100.0, "percent_statements_covered_display": "100"}, "missing_lines": [], "excluded_lines": [], "start_line": 1}}, "classes": {"": {"executed_lines": [3, 5], "summary": {"covered_lines": 2, "num_statements": 2, "percent_covered": 100.0, "percent_covered_display": "100", "missing_lines": 0, "excluded_lines": 0, "percent_statements_covered": 100.0, "percent_statements_covered_display": "100"}, "missing_lines": [], "excluded_lines": [], "start_line": 1}}}, "fastapi_grpc_gateway/asgi_bridge.py": {"executed_lines": [3, 5, 6, 9, 10, 11, 12, 13, 16, 26, 27, 28, 32, 33, 34, 36, 51, 52, 53, 54, 56, 58, 59, 60, 63, 65, 66, 67, 68, 69, 70, 71, 72, 73, 74, 75, 77, 78], "summary": {"covered_lines": 38, "num_statements": 39, "percent_covered": 97.43589743589743, "percent_covered_display": "97", "missing_lines": 1, "excluded_lines": 0, "percent_statements_covered": 97.43589743589743, "percent_statements_covered_display": "97"}, "missing_lines": [61], "excluded_lines": [], "functions": {"fill_path": {"executed_lines": [10, 11, 12, 13], "summary": {"covered_lines": 4, "num_statements": 4, "percent_covered": 100.0, "percent_covered_display": "100", "missing_lines": 0, "excluded_lines": 0, "percent_statements_covered": 100.0, "percent_statements_covered_display": "100"}, "missing_lines": [], "excluded_lines": [], "start_line": 9}, "call_asgi": {"executed_lines": [26, 27, 28, 32, 33, 34, 36, 51, 52, 53, 54, 56, 63, 77, 78], "summary": {"covered_lines": 15, "num_statements": 15, "percent_covered": 100.0, "percent_covered_display": "100", "missing_lines": 0, "excluded_lines": 0, "percent_statements_covered": 100.0, "percent_statements_covered_display": "100"}, "missing_lines": [], "excluded_lines": [], "start_line": 16}, "call_asgi.receive": {"executed_lines": [58, 59, 60], "summary": {"covered_lines": 3, "num_statements": 4, "percent_covered": 75.0, "percent_covered_display": "75", "missing_lines": 1, "excluded_lines": 0, "percent_statements_covered": 75.0, "percent_statements_covered_display": "75"}, "missing_lines": [61], "excluded_lines": [], "start_line": 56}, "call_asgi.send": {"executed_lines": [65, 66, 67, 68, 69, 70, 71, 72, 73, 74, 75], "summary": {"covered_lines": 11, "num_statements": 11, "percent_covered": 100.0, "percent_covered_display": "100", "missing_lines": 0, "excluded_lines": 0, "percent_statements_covered": 100.0, "percent_statements_covered_display": "100"}, "missing_lines": [], "excluded_lines": [], "start_line": 63}, "": {"executed_lines": [3, 5, 6, 9, 16], "summary": {"covered_lines": 5, "num_statements": 5, "percent_covered": 100.0, "percent_covered_display": "100", "missing_lines": 0, "excluded_lines": 0, "percent_statements_covered": 100.0, "percent_statements_covered_display": "100"}, "missing_lines": [], "excluded_lines": [], "start_line": 1}}, "classes": {"": {"executed_lines": [3, 5, 6, 9, 10, 11, 12, 13, 16, 26, 27, 28, 32, 33, 34, 36, 51, 52, 53, 54, 56, 58, 59, 60, 63, 65, 66, 67, 68, 69, 70, 71, 72, 73, 74, 75, 77, 78], "summary": {"covered_lines": 38, "num_statements": 39, "percent_covered": 97.43589743589743, "percent_covered_display": "97", "missing_lines": 1, "excluded_lines": 0, "percent_statements_covered": 97.43589743589743, "percent_statements_covered_display": "97"}, "missing_lines": [61], "excluded_lines": [], "start_line": 1}}}, "fastapi_grpc_gateway/cli.py": {"executed_lines": [], "summary": {"covered_lines": 0, "num_statements": 49, "percent_covered": 0.0, "percent_covered_display": "0", "missing_lines": 49, "excluded_lines": 0, "percent_statements_covered": 0.0, "percent_statements_covered_display": "0"}, "missing_lines": [3, 5, 6, 7, 8, 11, 12, 13, 14, 15, 16, 19, 20, 21, 23, 24, 25, 26, 27, 29, 33, 34, 35, 36, 37, 38, 39, 44, 49, 55, 56, 57, 59, 60, 61, 62, 63, 64, 65, 66, 67, 68, 70, 71, 73, 74, 85, 88, 89], "excluded_lines": [], "functions": {"_load_app": {"executed_lines": [], "summary": {"covered_lines": 0, "num_statements": 5, "percent_covered": 0.0, "percent_covered_display": "0", "missing_lines": 5, "excluded_lines": 0, "percent_statements_covered": 0.0, "percent_statements_covered_display": "0"}, "missing_lines": [12, 13, 14, 15, 16], "excluded_lines": [], "start_line": 11}, "main": {"executed_lines": [], "summary": {"covered_lines": 0, "num_statements": 35, "percent_covered": 0.0, "percent_covered_display": "0", "missing_lines": 35, "excluded_lines": 0, "percent_statements_covered": 0.0, "percent_statements_covered_display": "0"}, "missing_lines": [20, 21, 23, 24, 25, 26, 27, 29, 33, 34, 35, 36, 37, 38, 39, 44, 49, 55, 56, 57, 59, 60, 61, 62, 63, 64, 65, 66, 67, 68, 70, 71, 73, 74, 85], "excluded_lines": [], "start_line": 19}, "": {"executed_lines": [], "summary": {"covered_lines": 0, "num_statements": 9, "percent_covered": 0.0, "percent_covered_display": "0", "missing_lines": 9, "excluded_lines": 0, "percent_statements_covered": 0.0, "percent_statements_covered_display": "0"}, "missing_lines": [3, 5, 6, 7, 8, 11, 19, 88, 89], "excluded_lines": [], "start_line": 1}}, "classes": {"": {"executed_lines": [], "summary": {"covered_lines": 0, "num_statements": 49, "percent_covered": 0.0, "percent_covered_display": "0", "missing_lines": 49, "excluded_lines": 0, "percent_statements_covered": 0.0, "percent_statements_covered_display": "0"}, "missing_lines": [3, 5, 6, 7, 8, 11, 12, 13, 14, 15, 16, 19, 20, 21, 23, 24, 25, 26, 27, 29, 33, 34, 35, 36, 37, 38, 39, 44, 49, 55, 56, 57, 59, 60, 61, 62, 63, 64, 65, 66, 67, 68, 70, 71, 73, 74, 85, 88, 89], "excluded_lines": [], "start_line": 1}}}, "fastapi_grpc_gateway/grpc_server.py": {"executed_lines": [], "summary": {"covered_lines": 0, "num_statements": 52, "percent_covered": 0.0, "percent_covered_display": "0", "missing_lines": 52, "excluded_lines": 0, "percent_statements_covered": 0.0, "percent_statements_covered_display": "0"}, "missing_lines": [3, 5, 6, 7, 9, 10, 12, 13, 15, 18, 19, 20, 21, 22, 23, 24, 25, 28, 29, 30, 31, 32, 33, 41, 42, 45, 50, 51, 52, 53, 54, 62, 67, 68, 69, 71, 74, 84, 85, 86, 92, 96, 97, 99, 100, 101, 102, 103, 104, 106, 107, 108], "excluded_lines": [], "functions": {"bindings_from_mapping": {"executed_lines": [], "summary": {"covered_lines": 0, "num_statements": 7, "percent_covered": 0.0, "percent_covered_display": "0", "missing_lines": 7, "excluded_lines": 0, "percent_statements_covered": 0.0, "percent_statements_covered_display": "0"}, "missing_lines": [29, 30, 31, 32, 33, 41, 42], "excluded_lines": [], "start_line": 28}, "_make_unary": {"executed_lines": [], "summary": {"covered_lines": 0, "num_statements": 2, "percent_covered": 0.0, "percent_covered_display": "0", "missing_lines": 2, "excluded_lines": 0, "percent_statements_covered": 0.0, "percent_statements_covered_display": "0"}, "missing_lines": [50, 71], "excluded_lines": [], "start_line": 45}, "_make_unary.handler": {"executed_lines": [], "summary": {"covered_lines": 0, "num_statements": 8, "percent_covered": 0.0, "percent_covered_display": "0", "missing_lines": 8, "excluded_lines": 0, "percent_statements_covered": 0.0, "percent_statements_covered_display": "0"}, "missing_lines": [51, 52, 53, 54, 62, 67, 68, 69], "excluded_lines": [], "start_line": 50}, "start_grpc_server": {"executed_lines": [], "summary": {"covered_lines": 0, "num_statements": 15, "percent_covered": 0.0, "percent_covered_display": "0", "missing_lines": 15, "excluded_lines": 0, "percent_statements_covered": 0.0, "percent_statements_covered_display": "0"}, "missing_lines": [84, 85, 86, 92, 96, 97, 99, 100, 101, 102, 103, 104, 106, 107, 108], "excluded_lines": [], "start_line": 74}, "": {"executed_lines": [], "summary": {"covered_lines": 0, "num_statements": 20, "percent_covered": 0.0, "percent_covered_display": "0", "missing_lines": 20, "excluded_lines": 0, "percent_statements_covered": 0.0, "percent_statements_covered_display": "0"}, "missing_lines": [3, 5, 6, 7, 9, 10, 12, 13, 15, 18, 19, 20, 21, 22, 23, 24, 25, 28, 45, 74], "excluded_lines": [], "start_line": 1}}, "classes": {"RouteBinding": {"executed_lines": [], "summary": {"covered_lines": 0, "num_statements": 0, "percent_covered": 100.0, "percent_covered_display": "100", "missing_lines": 0, "excluded_lines": 0, "percent_statements_covered": 100.0, "percent_statements_covered_display": "100"}, "missing_lines": [], "excluded_lines": [], "start_line": 19}, "": {"executed_lines": [], "summary": {"covered_lines": 0, "num_statements": 52, "percent_covered": 0.0, "percent_covered_display": "0", "missing_lines": 52, "excluded_lines": 0, "percent_statements_covered": 0.0, "percent_statements_covered_display": "0"}, "missing_lines": [3, 5, 6, 7, 9, 10, 12, 13, 15, 18, 19, 20, 21, 22, 23, 24, 25, 28, 29, 30, 31, 32, 33, 41, 42, 45, 50, 51, 52, 53, 54, 62, 67, 68, 69, 71, 74, 84, 85, 86, 92, 96, 97, 99, 100, 101, 102, 103, 104, 106, 107, 108], "excluded_lines": [], "start_line": 1}}}, "fastapi_grpc_gateway/schema.py": {"executed_lines": [3, 5, 6, 7, 9, 10, 12, 17, 18, 19, 20, 21, 22, 23, 24, 25, 28, 29, 30, 31, 32, 33, 34, 37, 38, 39, 42, 43, 45, 46, 47, 48, 49, 52, 53, 54, 56, 61, 62, 64, 65, 66, 67, 69, 72, 73, 74, 75, 76, 77, 79, 80, 81, 82, 83, 84, 87, 89, 90, 93, 102, 113, 115, 138, 139, 140, 141, 142, 143, 144, 145, 148, 149, 154, 155, 156, 157, 158, 159, 160, 161, 163, 164, 168, 169, 170, 171, 174, 180, 181, 182, 183, 184], "summary": {"covered_lines": 93, "num_statements": 102, "percent_covered": 91.17647058823529, "percent_covered_display": "91", "missing_lines": 9, "excluded_lines": 0, "percent_statements_covered": 91.17647058823529, "percent_statements_covered_display": "91"}, "missing_lines": [44, 55, 63, 68, 78, 85, 86, 165, 166], "excluded_lines": [], "functions": {"_pascal": {"executed_lines": [38, 39], "summary": {"covered_lines": 2, "num_statements": 2, "percent_covered": 100.0, "percent_covered_display": "100", "missing_lines": 0, "excluded_lines": 0, "percent_statements_covered": 100.0, "percent_statements_covered_display": "100"}, "missing_lines": [], "excluded_lines": [], "start_line": 37}, "_rpc_name": {"executed_lines": [43, 45, 46, 47, 48, 49], "summary": {"covered_lines": 6, "num_statements": 7, "percent_covered": 85.71428571428571, "percent_covered_display": "86", "missing_lines": 1, "excluded_lines": 0, "percent_statements_covered": 85.71428571428571, "percent_statements_covered_display": "86"}, "missing_lines": [44], "excluded_lines": [], "start_line": 42}, "_is_unsupported_route": {"executed_lines": [53, 54, 56, 61, 62, 64, 65, 66, 67, 69], "summary": {"covered_lines": 10, "num_statements": 13, "percent_covered": 76.92307692307692, "percent_covered_display": "77", "missing_lines": 3, "excluded_lines": 0, "percent_statements_covered": 76.92307692307692, "percent_statements_covered_display": "77"}, "missing_lines": [55, 63, 68], "excluded_lines": [], "start_line": 52}, "iter_json_routes": {"executed_lines": [73, 74, 75, 76, 77, 79, 80, 81, 82, 83, 84, 87, 89, 90, 93, 102], "summary": {"covered_lines": 16, "num_statements": 19, "percent_covered": 84.21052631578948, "percent_covered_display": "84", "missing_lines": 3, "excluded_lines": 0, "percent_statements_covered": 84.21052631578948, "percent_statements_covered_display": "84"}, "missing_lines": [78, 85, 86], "excluded_lines": [], "start_line": 72}, "render_proto": {"executed_lines": [115, 138, 139, 140, 141, 142, 143, 144, 145], "summary": {"covered_lines": 9, "num_statements": 9, "percent_covered": 100.0, "percent_covered_display": "100", "missing_lines": 0, "excluded_lines": 0, "percent_statements_covered": 100.0, "percent_statements_covered_display": "100"}, "missing_lines": [], "excluded_lines": [], "start_line": 113}, "render_bindings": {"executed_lines": [149, 154, 155, 156, 157, 158, 159, 160, 161, 163, 164, 168, 169, 170, 171], "summary": {"covered_lines": 15, "num_statements": 17, "percent_covered": 88.23529411764706, "percent_covered_display": "88", "missing_lines": 2, "excluded_lines": 0, "percent_statements_covered": 88.23529411764706, "percent_statements_covered_display": "88"}, "missing_lines": [165, 166], "excluded_lines": [], "start_line": 148}, "generate_schema": {"executed_lines": [180, 181, 182, 183, 184], "summary": {"covered_lines": 5, "num_statements": 5, "percent_covered": 100.0, "percent_covered_display": "100", "missing_lines": 0, "excluded_lines": 0, "percent_statements_covered": 100.0, "percent_statements_covered_display": "100"}, "missing_lines": [], "excluded_lines": [], "start_line": 174}, "": {"executed_lines": [3, 5, 6, 7, 9, 10, 12, 17, 18, 19, 20, 21, 22, 23, 24, 25, 28, 29, 30, 31, 32, 33, 34, 37, 42, 52, 72, 113, 148, 174], "summary": {"covered_lines": 30, "num_statements": 30, "percent_covered": 100.0, "percent_covered_display": "100", "missing_lines": 0, "excluded_lines": 0, "percent_statements_covered": 100.0, "percent_statements_covered_display": "100"}, "missing_lines": [], "excluded_lines": [], "start_line": 1}}, "classes": {"RouteSpec": {"executed_lines": [], "summary": {"covered_lines": 0, "num_statements": 0, "percent_covered": 100.0, "percent_covered_display": "100", "missing_lines": 0, "excluded_lines": 0, "percent_statements_covered": 100.0, "percent_statements_covered_display": "100"}, "missing_lines": [], "excluded_lines": [], "start_line": 18}, "SchemaBundle": {"executed_lines": [], "summary": {"covered_lines": 0, "num_statements": 0, "percent_covered": 100.0, "percent_covered_display": "100", "missing_lines": 0, "excluded_lines": 0, "percent_statements_covered": 100.0, "percent_statements_covered_display": "100"}, "missing_lines": [], "excluded_lines": [], "start_line": 29}, "": {"executed_lines": [3, 5, 6, 7, 9, 10, 12, 17, 18, 19, 20, 21, 22, 23, 24, 25, 28, 29, 30, 31, 32, 33, 34, 37, 38, 39, 42, 43, 45, 46, 47, 48, 49, 52, 53, 54, 56, 61, 62, 64, 65, 66, 67, 69, 72, 73, 74, 75, 76, 77, 79, 80, 81, 82, 83, 84, 87, 89, 90, 93, 102, 113, 115, 138, 139, 140, 141, 142, 143, 144, 145, 148, 149, 154, 155, 156, 157, 158, 159, 160, 161, 163, 164, 168, 169, 170, 171, 174, 180, 181, 182, 183, 184], "summary": {"covered_lines": 93, "num_statements": 102, "percent_covered": 91.17647058823529, "percent_covered_display": "91", "missing_lines": 9, "excluded_lines": 0, "percent_statements_covered": 91.17647058823529, "percent_statements_covered_display": "91"}, "missing_lines": [44, 55, 63, 68, 78, 85, 86, 165, 166], "excluded_lines": [], "start_line": 1}}}, "fastapi_grpc_gateway/serve.py": {"executed_lines": [], "summary": {"covered_lines": 0, "num_statements": 73, "percent_covered": 0.0, "percent_covered_display": "0", "missing_lines": 73, "excluded_lines": 2, "percent_statements_covered": 0.0, "percent_statements_covered_display": "0"}, "missing_lines": [3, 5, 6, 7, 8, 9, 10, 12, 13, 15, 18, 19, 20, 21, 22, 23, 24, 25, 26, 29, 30, 31, 34, 37, 55, 56, 57, 58, 59, 60, 62, 63, 65, 67, 68, 70, 79, 80, 81, 82, 83, 85, 91, 92, 93, 95, 97, 99, 100, 102, 103, 104, 105, 107, 108, 109, 111, 112, 114, 115, 116, 117, 118, 119, 120, 121, 122, 125, 129, 133, 134, 135, 136], "excluded_lines": [32, 33], "functions": {"_wait_tcp": {"executed_lines": [], "summary": {"covered_lines": 0, "num_statements": 8, "percent_covered": 0.0, "percent_covered_display": "0", "missing_lines": 8, "excluded_lines": 0, "percent_statements_covered": 0.0, "percent_statements_covered_display": "0"}, "missing_lines": [19, 20, 21, 22, 23, 24, 25, 26], "excluded_lines": [], "start_line": 18}, "_parse_bindings_toml": {"executed_lines": [], "summary": {"covered_lines": 0, "num_statements": 3, "percent_covered": 0.0, "percent_covered_display": "0", "missing_lines": 3, "excluded_lines": 2, "percent_statements_covered": 0.0, "percent_statements_covered_display": "0"}, "missing_lines": [30, 31, 34], "excluded_lines": [32, 33], "start_line": 29}, "serve_app": {"executed_lines": [], "summary": {"covered_lines": 0, "num_statements": 42, "percent_covered": 0.0, "percent_covered_display": "0", "missing_lines": 42, "excluded_lines": 0, "percent_statements_covered": 0.0, "percent_statements_covered_display": "0"}, "missing_lines": [55, 56, 57, 58, 59, 60, 62, 63, 65, 67, 68, 70, 79, 80, 81, 82, 83, 85, 91, 92, 93, 95, 97, 99, 102, 103, 104, 105, 107, 108, 109, 111, 112, 114, 115, 116, 117, 118, 119, 120, 121, 122], "excluded_lines": [], "start_line": 37}, "serve_app._handle_signal": {"executed_lines": [], "summary": {"covered_lines": 0, "num_statements": 1, "percent_covered": 0.0, "percent_covered_display": "0", "missing_lines": 1, "excluded_lines": 0, "percent_statements_covered": 0.0, "percent_statements_covered_display": "0"}, "missing_lines": [100], "excluded_lines": [], "start_line": 99}, "run_serve": {"executed_lines": [], "summary": {"covered_lines": 0, "num_statements": 5, "percent_covered": 0.0, "percent_covered_display": "0", "missing_lines": 5, "excluded_lines": 0, "percent_statements_covered": 0.0, "percent_statements_covered_display": "0"}, "missing_lines": [129, 133, 134, 135, 136], "excluded_lines": [], "start_line": 125}, "": {"executed_lines": [], "summary": {"covered_lines": 0, "num_statements": 14, "percent_covered": 0.0, "percent_covered_display": "0", "missing_lines": 14, "excluded_lines": 0, "percent_statements_covered": 0.0, "percent_statements_covered_display": "0"}, "missing_lines": [3, 5, 6, 7, 8, 9, 10, 12, 13, 15, 18, 29, 37, 125], "excluded_lines": [], "start_line": 1}}, "classes": {"": {"executed_lines": [], "summary": {"covered_lines": 0, "num_statements": 73, "percent_covered": 0.0, "percent_covered_display": "0", "missing_lines": 73, "excluded_lines": 2, "percent_statements_covered": 0.0, "percent_statements_covered_display": "0"}, "missing_lines": [3, 5, 6, 7, 8, 9, 10, 12, 13, 15, 18, 19, 20, 21, 22, 23, 24, 25, 26, 29, 30, 31, 34, 37, 55, 56, 57, 58, 59, 60, 62, 63, 65, 67, 68, 70, 79, 80, 81, 82, 83, 85, 91, 92, 93, 95, 97, 99, 100, 102, 103, 104, 105, 107, 108, 109, 111, 112, 114, 115, 116, 117, 118, 119, 120, 121, 122, 125, 129, 133, 134, 135, 136], "excluded_lines": [32, 33], "start_line": 1}}}, "fastapi_grpc_gateway/wire_pb2.py": {"executed_lines": [], "summary": {"covered_lines": 0, "num_statements": 29, "percent_covered": 0.0, "percent_covered_display": "0", "missing_lines": 29, "excluded_lines": 0, "percent_statements_covered": 0.0, "percent_statements_covered_display": "0"}, "missing_lines": [7, 8, 9, 10, 11, 12, 22, 27, 29, 30, 31, 32, 33, 34, 35, 36, 37, 38, 39, 40, 41, 42, 43, 44, 45, 46, 47, 48, 49], "excluded_lines": [], "functions": {"": {"executed_lines": [], "summary": {"covered_lines": 0, "num_statements": 29, "percent_covered": 0.0, "percent_covered_display": "0", "missing_lines": 29, "excluded_lines": 0, "percent_statements_covered": 0.0, "percent_statements_covered_display": "0"}, "missing_lines": [7, 8, 9, 10, 11, 12, 22, 27, 29, 30, 31, 32, 33, 34, 35, 36, 37, 38, 39, 40, 41, 42, 43, 44, 45, 46, 47, 48, 49], "excluded_lines": [], "start_line": 1}}, "classes": {"": {"executed_lines": [], "summary": {"covered_lines": 0, "num_statements": 29, "percent_covered": 0.0, "percent_covered_display": "0", "missing_lines": 29, "excluded_lines": 0, "percent_statements_covered": 0.0, "percent_statements_covered_display": "0"}, "missing_lines": [7, 8, 9, 10, 11, 12, 22, 27, 29, 30, 31, 32, 33, 34, 35, 36, 37, 38, 39, 40, 41, 42, 43, 44, 45, 46, 47, 48, 49], "excluded_lines": [], "start_line": 1}}}}, "totals": {"covered_lines": 133, "num_statements": 346, "percent_covered": 38.4393063583815, "percent_covered_display": "38", "missing_lines": 213, "excluded_lines": 2, "percent_statements_covered": 38.4393063583815, "percent_statements_covered_display": "38"}}